<?xml version="1.0" encoding="UTF-8"?>
<testng-results skipped="0" failed="0" ignored="0" total="1" passed="1">
  <reporter-output>
  </reporter-output>
  <suite name="Default suite" duration-ms="29975" started-at="2019-04-19T14:53:12Z" finished-at="2019-04-19T14:53:42Z">
    <groups>
    </groups>
    <test name="Default test" duration-ms="29975" started-at="2019-04-19T14:53:12Z" finished-at="2019-04-19T14:53:42Z">
      <class name="Testng.LearnAutomation">
        <test-method status="PASS" signature="initialization()[pri:0, instance:Testng.LearnAutomation@1e88b3c]" name="initialization" is-config="true" duration-ms="18705" started-at="2019-04-19T20:23:12Z" finished-at="2019-04-19T20:23:31Z">
          <reporter-output>
          </reporter-output>
        </test-method> <!-- initialization -->
        <test-method status="PASS" signature="steps()[pri:0, instance:Testng.LearnAutomation@1e88b3c]" name="steps" duration-ms="11212" started-at="2019-04-19T20:23:31Z" finished-at="2019-04-19T20:23:42Z">
          <reporter-output>
          </reporter-output>
        </test-method> <!-- steps -->
        <test-method status="PASS" signature="close()[pri:0, instance:Testng.LearnAutomation@1e88b3c]" name="close" is-config="true" duration-ms="41" started-at="2019-04-19T20:23:42Z" finished-at="2019-04-19T20:23:42Z">
          <reporter-output>
          </reporter-output>
        </test-method> <!-- close -->
      </class> <!-- Testng.LearnAutomation -->
    </test> <!-- Default test -->
  </suite> <!-- Default suite -->
</testng-results>
