<?xml version="1.0" encoding="UTF-8"?>
<!-- Generated by org.testng.reporters.JUnitXMLReporter -->
<testsuite hostname="Monojit-PC" ignored="0" name="test" tests="4" failures="0" timestamp="31 Jul 2012 13:54:43 GMT" time="0.039" errors="0">
  <testcase name="name" time="0.012" classname="Testng.Parameter"/>
  <testcase name="name" time="0.001" classname="Testng.DataProviders"/>
  <testcase name="name" time="0.001" classname="Testng.DataProviders"/>
  <testcase name="name" time="0.001" classname="Testng.DataProviders"/>
</testsuite> <!-- test -->
